<?xml version="1.0" encoding="utf-8" standalone="no"?>
<!--This file represents the results of running a test suite-->
<test-results name="C:\dev\Projetos\Integer\src\Integer.Web.Tests\bin\Release\Integer.Web.Tests.dll" total="1" errors="0" failures="0" not-run="0" inconclusive="0" ignored="0" skipped="0" invalid="0" date="2012-06-16" time="01:44:24">
  <environment nunit-version="2.6.0.12051" clr-version="2.0.50727.5456" os-version="Microsoft Windows NT 6.1.7601 Service Pack 1" platform="Win32NT" cwd="C:\dev\Projetos\Integer\src\build" machine-name="DANIEL-PC" user="Daniel" user-domain="Daniel-PC" />
  <culture-info current-culture="pt-BR" current-uiculture="pt-BR" />
  <test-suite type="Assembly" name="C:\dev\Projetos\Integer\src\Integer.Web.Tests\bin\Release\Integer.Web.Tests.dll" executed="True" result="Success" success="True" time="0.157" asserts="0">
    <results>
      <test-suite type="Namespace" name="Integer" executed="True" result="Success" success="True" time="0.121" asserts="0">
        <results>
          <test-suite type="Namespace" name="Web" executed="True" result="Success" success="True" time="0.120" asserts="0">
            <results>
              <test-suite type="Namespace" name="Tests" executed="True" result="Success" success="True" time="0.120" asserts="0">
                <results>
                  <test-suite type="Namespace" name="Controllers" executed="True" result="Success" success="True" time="0.118" asserts="0">
                    <results>
                      <test-suite type="TestFixture" name="CalendarioControllerTest" executed="True" result="Success" success="True" time="0.115" asserts="0">
                        <results>
                          <test-case name="Integer.Web.Tests.Controllers.CalendarioControllerTest.ActionPadrao_DeveRetornarViewCalendario" executed="True" result="Success" success="True" time="0.090" asserts="0" />
                        </results>
                      </test-suite>
                    </results>
                  </test-suite>
                </results>
              </test-suite>
            </results>
          </test-suite>
        </results>
      </test-suite>
    </results>
  </test-suite>
</test-results>